This file contains any messages produced by compilers while
running configure, to aid debugging if configure makes a mistake.

It was created by configure, which was
generated by GNU Autoconf 2.69.  Invocation command line was

  $ ./configure --enable-maintainer-mode

## --------- ##
## Platform. ##
## --------- ##

hostname = ygdrasil
uname -m = x86_64
uname -r = 3.8.0-35-generic
uname -s = Linux
uname -v = #50-Ubuntu SMP Tue Dec 3 01:24:59 UTC 2013

/usr/bin/uname -p = unknown
/bin/uname -X     = unknown

/bin/arch              = unknown
/usr/bin/arch -k       = unknown
/usr/convex/getsysinfo = unknown
/usr/bin/hostinfo      = unknown
/bin/machine           = unknown
/usr/bin/oslevel       = unknown
/bin/universe          = unknown

PATH: /home/mathias/.cask/bin
PATH: /usr/lib/x86_64-linux-gnu/qt4/bin
PATH: /usr/lib/lightdm/lightdm
PATH: /usr/local/sbin
PATH: /usr/local/bin
PATH: /usr/sbin
PATH: /usr/bin
PATH: /sbin
PATH: /bin
PATH: /usr/games
PATH: /usr/local/games


## ----------- ##
## Core tests. ##
## ----------- ##

configure:2221: checking for a BSD-compatible install
configure:2289: result: /usr/bin/install -c
configure:2300: checking whether build environment is sane
configure:2350: result: yes
configure:2491: checking for a thread-safe mkdir -p
configure:2530: result: /bin/mkdir -p
configure:2543: checking for gawk
configure:2559: found /usr/bin/gawk
configure:2570: result: gawk
configure:2581: checking whether make sets $(MAKE)
configure:2603: result: yes
configure:2686: checking whether to enable maintainer-specific portions of Makefiles
configure:2695: result: yes
configure:2721: checking for style of include used by make
configure:2749: result: GNU
configure:2820: checking for gcc
configure:2836: found /usr/bin/gcc
configure:2847: result: gcc
configure:3076: checking for C compiler version
configure:3085: gcc --version >&5
gcc (Ubuntu/Linaro 4.7.3-1ubuntu1) 4.7.3
Copyright (C) 2012 Free Software Foundation, Inc.
This is free software; see the source for copying conditions.  There is NO
warranty; not even for MERCHANTABILITY or FITNESS FOR A PARTICULAR PURPOSE.

configure:3096: $? = 0
configure:3085: gcc -v >&5
Using built-in specs.
COLLECT_GCC=gcc
COLLECT_LTO_WRAPPER=/usr/lib/gcc/x86_64-linux-gnu/4.7/lto-wrapper
Target: x86_64-linux-gnu
Configured with: ../src/configure -v --with-pkgversion='Ubuntu/Linaro 4.7.3-1ubuntu1' --with-bugurl=file:///usr/share/doc/gcc-4.7/README.Bugs --enable-languages=c,c++,go,fortran,objc,obj-c++ --prefix=/usr --program-suffix=-4.7 --enable-shared --enable-linker-build-id --libexecdir=/usr/lib --without-included-gettext --enable-threads=posix --with-gxx-include-dir=/usr/include/c++/4.7 --libdir=/usr/lib --enable-nls --with-sysroot=/ --enable-clocale=gnu --enable-libstdcxx-debug --enable-libstdcxx-time=yes --enable-gnu-unique-object --enable-plugin --with-system-zlib --enable-objc-gc --with-cloog --enable-cloog-backend=ppl --disable-cloog-version-check --disable-ppl-version-check --enable-multiarch --disable-werror --with-arch-32=i686 --with-abi=m64 --with-multilib-list=m32,m64,mx32 --with-tune=generic --enable-checking=release --build=x86_64-linux-gnu --host=x86_64-linux-gnu --target=x86_64-linux-gnu
Thread model: posix
gcc version 4.7.3 (Ubuntu/Linaro 4.7.3-1ubuntu1) 
configure:3096: $? = 0
configure:3085: gcc -V >&5
gcc: error: unrecognized command line option '-V'
gcc: fatal error: no input files
compilation terminated.
configure:3096: $? = 4
configure:3085: gcc -qversion >&5
gcc: error: unrecognized command line option '-qversion'
gcc: fatal error: no input files
compilation terminated.
configure:3096: $? = 4
configure:3116: checking whether the C compiler works
configure:3138: gcc    conftest.c  >&5
configure:3142: $? = 0
configure:3190: result: yes
configure:3193: checking for C compiler default output file name
configure:3195: result: a.out
configure:3201: checking for suffix of executables
configure:3208: gcc -o conftest    conftest.c  >&5
configure:3212: $? = 0
configure:3234: result: 
configure:3256: checking whether we are cross compiling
configure:3264: gcc -o conftest    conftest.c  >&5
configure:3268: $? = 0
configure:3275: ./conftest
configure:3279: $? = 0
configure:3294: result: no
configure:3299: checking for suffix of object files
configure:3321: gcc -c   conftest.c >&5
configure:3325: $? = 0
configure:3346: result: o
configure:3350: checking whether we are using the GNU C compiler
configure:3369: gcc -c   conftest.c >&5
configure:3369: $? = 0
configure:3378: result: yes
configure:3387: checking whether gcc accepts -g
configure:3407: gcc -c -g  conftest.c >&5
configure:3407: $? = 0
configure:3448: result: yes
configure:3465: checking for gcc option to accept ISO C89
configure:3528: gcc  -c -g -O2  conftest.c >&5
configure:3528: $? = 0
configure:3541: result: none needed
configure:3563: checking dependency style of gcc
configure:3674: result: gcc3
configure:3690: checking for library containing strerror
configure:3721: gcc -o conftest -g -O2   conftest.c  >&5
configure:3721: $? = 0
configure:3738: result: none required
configure:3794: checking for gcc
configure:3821: result: gcc
configure:4050: checking for C compiler version
configure:4059: gcc --version >&5
gcc (Ubuntu/Linaro 4.7.3-1ubuntu1) 4.7.3
Copyright (C) 2012 Free Software Foundation, Inc.
This is free software; see the source for copying conditions.  There is NO
warranty; not even for MERCHANTABILITY or FITNESS FOR A PARTICULAR PURPOSE.

configure:4070: $? = 0
configure:4059: gcc -v >&5
Using built-in specs.
COLLECT_GCC=gcc
COLLECT_LTO_WRAPPER=/usr/lib/gcc/x86_64-linux-gnu/4.7/lto-wrapper
Target: x86_64-linux-gnu
Configured with: ../src/configure -v --with-pkgversion='Ubuntu/Linaro 4.7.3-1ubuntu1' --with-bugurl=file:///usr/share/doc/gcc-4.7/README.Bugs --enable-languages=c,c++,go,fortran,objc,obj-c++ --prefix=/usr --program-suffix=-4.7 --enable-shared --enable-linker-build-id --libexecdir=/usr/lib --without-included-gettext --enable-threads=posix --with-gxx-include-dir=/usr/include/c++/4.7 --libdir=/usr/lib --enable-nls --with-sysroot=/ --enable-clocale=gnu --enable-libstdcxx-debug --enable-libstdcxx-time=yes --enable-gnu-unique-object --enable-plugin --with-system-zlib --enable-objc-gc --with-cloog --enable-cloog-backend=ppl --disable-cloog-version-check --disable-ppl-version-check --enable-multiarch --disable-werror --with-arch-32=i686 --with-abi=m64 --with-multilib-list=m32,m64,mx32 --with-tune=generic --enable-checking=release --build=x86_64-linux-gnu --host=x86_64-linux-gnu --target=x86_64-linux-gnu
Thread model: posix
gcc version 4.7.3 (Ubuntu/Linaro 4.7.3-1ubuntu1) 
configure:4070: $? = 0
configure:4059: gcc -V >&5
gcc: error: unrecognized command line option '-V'
gcc: fatal error: no input files
compilation terminated.
configure:4070: $? = 4
configure:4059: gcc -qversion >&5
gcc: error: unrecognized command line option '-qversion'
gcc: fatal error: no input files
compilation terminated.
configure:4070: $? = 4
configure:4074: checking whether we are using the GNU C compiler
configure:4102: result: yes
configure:4111: checking whether gcc accepts -g
configure:4172: result: yes
configure:4189: checking for gcc option to accept ISO C89
configure:4265: result: none needed
configure:4287: checking dependency style of gcc
configure:4398: result: gcc3
configure:4461: checking for gcc
configure:4488: result: gcc
configure:4717: checking for C compiler version
configure:4726: gcc --version >&5
gcc (Ubuntu/Linaro 4.7.3-1ubuntu1) 4.7.3
Copyright (C) 2012 Free Software Foundation, Inc.
This is free software; see the source for copying conditions.  There is NO
warranty; not even for MERCHANTABILITY or FITNESS FOR A PARTICULAR PURPOSE.

configure:4737: $? = 0
configure:4726: gcc -v >&5
Using built-in specs.
COLLECT_GCC=gcc
COLLECT_LTO_WRAPPER=/usr/lib/gcc/x86_64-linux-gnu/4.7/lto-wrapper
Target: x86_64-linux-gnu
Configured with: ../src/configure -v --with-pkgversion='Ubuntu/Linaro 4.7.3-1ubuntu1' --with-bugurl=file:///usr/share/doc/gcc-4.7/README.Bugs --enable-languages=c,c++,go,fortran,objc,obj-c++ --prefix=/usr --program-suffix=-4.7 --enable-shared --enable-linker-build-id --libexecdir=/usr/lib --without-included-gettext --enable-threads=posix --with-gxx-include-dir=/usr/include/c++/4.7 --libdir=/usr/lib --enable-nls --with-sysroot=/ --enable-clocale=gnu --enable-libstdcxx-debug --enable-libstdcxx-time=yes --enable-gnu-unique-object --enable-plugin --with-system-zlib --enable-objc-gc --with-cloog --enable-cloog-backend=ppl --disable-cloog-version-check --disable-ppl-version-check --enable-multiarch --disable-werror --with-arch-32=i686 --with-abi=m64 --with-multilib-list=m32,m64,mx32 --with-tune=generic --enable-checking=release --build=x86_64-linux-gnu --host=x86_64-linux-gnu --target=x86_64-linux-gnu
Thread model: posix
gcc version 4.7.3 (Ubuntu/Linaro 4.7.3-1ubuntu1) 
configure:4737: $? = 0
configure:4726: gcc -V >&5
gcc: error: unrecognized command line option '-V'
gcc: fatal error: no input files
compilation terminated.
configure:4737: $? = 4
configure:4726: gcc -qversion >&5
gcc: error: unrecognized command line option '-qversion'
gcc: fatal error: no input files
compilation terminated.
configure:4737: $? = 4
configure:4741: checking whether we are using the GNU C compiler
configure:4769: result: yes
configure:4778: checking whether gcc accepts -g
configure:4839: result: yes
configure:4856: checking for gcc option to accept ISO C89
configure:4932: result: none needed
configure:4954: checking dependency style of gcc
configure:5065: result: gcc3
configure:5088: checking how to run the C preprocessor
configure:5119: gcc -E  conftest.c
configure:5119: $? = 0
configure:5133: gcc -E  conftest.c
conftest.c:11:28: fatal error: ac_nonexistent.h: No such file or directory
compilation terminated.
configure:5133: $? = 1
configure: failed program was:
| /* confdefs.h */
| #define PACKAGE_NAME ""
| #define PACKAGE_TARNAME ""
| #define PACKAGE_VERSION ""
| #define PACKAGE_STRING ""
| #define PACKAGE_BUGREPORT ""
| #define PACKAGE_URL ""
| #define PACKAGE "tupleview"
| #define VERSION "0.6.0.1"
| /* end confdefs.h.  */
| #include <ac_nonexistent.h>
configure:5158: result: gcc -E
configure:5178: gcc -E  conftest.c
configure:5178: $? = 0
configure:5192: gcc -E  conftest.c
conftest.c:11:28: fatal error: ac_nonexistent.h: No such file or directory
compilation terminated.
configure:5192: $? = 1
configure: failed program was:
| /* confdefs.h */
| #define PACKAGE_NAME ""
| #define PACKAGE_TARNAME ""
| #define PACKAGE_VERSION ""
| #define PACKAGE_STRING ""
| #define PACKAGE_BUGREPORT ""
| #define PACKAGE_URL ""
| #define PACKAGE "tupleview"
| #define VERSION "0.6.0.1"
| /* end confdefs.h.  */
| #include <ac_nonexistent.h>
configure:5221: checking for grep that handles long lines and -e
configure:5279: result: /bin/grep
configure:5284: checking for egrep
configure:5346: result: /bin/grep -E
configure:5351: checking for ANSI C header files
configure:5371: gcc -c -g -O2  conftest.c >&5
configure:5371: $? = 0
configure:5444: gcc -o conftest -g -O2   conftest.c  >&5
configure:5444: $? = 0
configure:5444: ./conftest
configure:5444: $? = 0
configure:5455: result: yes
configure:5520: checking for pkg-config
configure:5538: found /usr/bin/pkg-config
configure:5550: result: /usr/bin/pkg-config
configure:5575: checking pkg-config is at least version 0.9.0
configure:5578: result: yes
configure:5588: checking for PACKAGE
configure:5595: $PKG_CONFIG --exists --print-errors "$pkg_modules"
configure:5598: $? = 0
configure:5612: $PKG_CONFIG --exists --print-errors "$pkg_modules"
configure:5615: $? = 0
configure:5673: result: yes
configure:5694: checking for sys/types.h
configure:5694: gcc -c -g -O2  conftest.c >&5
configure:5694: $? = 0
configure:5694: result: yes
configure:5694: checking for sys/stat.h
configure:5694: gcc -c -g -O2  conftest.c >&5
configure:5694: $? = 0
configure:5694: result: yes
configure:5694: checking for stdlib.h
configure:5694: gcc -c -g -O2  conftest.c >&5
configure:5694: $? = 0
configure:5694: result: yes
configure:5694: checking for string.h
configure:5694: gcc -c -g -O2  conftest.c >&5
configure:5694: $? = 0
configure:5694: result: yes
configure:5694: checking for memory.h
configure:5694: gcc -c -g -O2  conftest.c >&5
configure:5694: $? = 0
configure:5694: result: yes
configure:5694: checking for strings.h
configure:5694: gcc -c -g -O2  conftest.c >&5
configure:5694: $? = 0
configure:5694: result: yes
configure:5694: checking for inttypes.h
configure:5694: gcc -c -g -O2  conftest.c >&5
configure:5694: $? = 0
configure:5694: result: yes
configure:5694: checking for stdint.h
configure:5694: gcc -c -g -O2  conftest.c >&5
configure:5694: $? = 0
configure:5694: result: yes
configure:5694: checking for unistd.h
configure:5694: gcc -c -g -O2  conftest.c >&5
configure:5694: $? = 0
configure:5694: result: yes
configure:5709: checking locale.h usability
configure:5709: gcc -c -g -O2  conftest.c >&5
configure:5709: $? = 0
configure:5709: result: yes
configure:5709: checking locale.h presence
configure:5709: gcc -E  conftest.c
configure:5709: $? = 0
configure:5709: result: yes
configure:5709: checking for locale.h
configure:5709: result: yes
configure:5720: checking for LC_MESSAGES
configure:5736: gcc -o conftest -g -O2   conftest.c  >&5
configure:5736: $? = 0
configure:5744: result: yes
configure:5761: checking libintl.h usability
configure:5761: gcc -c -g -O2  conftest.c >&5
configure:5761: $? = 0
configure:5761: result: yes
configure:5761: checking libintl.h presence
configure:5761: gcc -E  conftest.c
configure:5761: $? = 0
configure:5761: result: yes
configure:5761: checking for libintl.h
configure:5761: result: yes
configure:5769: checking for ngettext in libc
configure:5787: gcc -o conftest -g -O2   conftest.c  >&5
configure:5787: $? = 0
configure:5796: result: yes
configure:5800: checking for dgettext in libc
configure:5818: gcc -o conftest -g -O2   conftest.c  >&5
configure:5818: $? = 0
configure:5827: result: yes
configure:5834: checking for bind_textdomain_codeset
configure:5834: gcc -o conftest -g -O2   conftest.c  >&5
configure:5834: $? = 0
configure:5834: result: yes
configure:6110: checking for msgfmt
configure:6137: result: /usr/bin/msgfmt
configure:6148: checking for dcgettext
configure:6148: gcc -o conftest -g -O2   conftest.c   >&5
conftest.c:49:6: warning: conflicting types for built-in function 'dcgettext' [enabled by default]
configure:6148: $? = 0
configure:6148: result: yes
configure:6158: checking if msgfmt accepts -c
configure:6173: $MSGFMT -c -o /dev/null conftest.foo
configure:6176: $? = 0
configure:6178: result: yes
configure:6188: checking for gmsgfmt
configure:6219: result: /usr/bin/msgfmt
configure:6229: checking for xgettext
configure:6256: result: /usr/bin/xgettext
configure:6275: gcc -o conftest -g -O2   conftest.c   >&5
configure:6275: $? = 0
configure:6415: checking for main in -lpeiskernel
configure:6434: gcc -o conftest -g -O2   conftest.c -lpeiskernel   >&5
configure:6434: $? = 0
configure:6443: result: yes
configure:6456: checking for main in -lpthread
configure:6475: gcc -o conftest -g -O2   conftest.c -lpthread  -lpeiskernel  >&5
configure:6475: $? = 0
configure:6484: result: yes
configure:6664: creating ./config.status

## ---------------------- ##
## Running config.status. ##
## ---------------------- ##

This file was extended by config.status, which was
generated by GNU Autoconf 2.69.  Invocation command line was

  CONFIG_FILES    = 
  CONFIG_HEADERS  = 
  CONFIG_LINKS    = 
  CONFIG_COMMANDS = 
  $ ./config.status 

on ygdrasil

config.status:892: creating Makefile
config.status:892: creating src/Makefile
config.status:892: creating po/Makefile.in
config.status:892: creating share/Makefile
config.status:892: creating config.h
config.status:1073: config.h is unchanged
config.status:1121: executing depfiles commands
config.status:1121: executing default-1 commands

## ---------------- ##
## Cache variables. ##
## ---------------- ##

ac_cv_c_compiler_gnu=yes
ac_cv_env_CC_set=
ac_cv_env_CC_value=
ac_cv_env_CFLAGS_set=
ac_cv_env_CFLAGS_value=
ac_cv_env_CPPFLAGS_set=
ac_cv_env_CPPFLAGS_value=
ac_cv_env_CPP_set=
ac_cv_env_CPP_value=
ac_cv_env_LDFLAGS_set=
ac_cv_env_LDFLAGS_value=
ac_cv_env_LIBS_set=
ac_cv_env_LIBS_value=
ac_cv_env_PACKAGE_CFLAGS_set=
ac_cv_env_PACKAGE_CFLAGS_value=
ac_cv_env_PACKAGE_LIBS_set=
ac_cv_env_PACKAGE_LIBS_value=
ac_cv_env_PKG_CONFIG_LIBDIR_set=
ac_cv_env_PKG_CONFIG_LIBDIR_value=
ac_cv_env_PKG_CONFIG_PATH_set=
ac_cv_env_PKG_CONFIG_PATH_value=
ac_cv_env_PKG_CONFIG_set=
ac_cv_env_PKG_CONFIG_value=
ac_cv_env_build_alias_set=
ac_cv_env_build_alias_value=
ac_cv_env_host_alias_set=
ac_cv_env_host_alias_value=
ac_cv_env_target_alias_set=
ac_cv_env_target_alias_value=
ac_cv_func_bind_textdomain_codeset=yes
ac_cv_func_dcgettext=yes
ac_cv_header_inttypes_h=yes
ac_cv_header_libintl_h=yes
ac_cv_header_locale_h=yes
ac_cv_header_memory_h=yes
ac_cv_header_stdc=yes
ac_cv_header_stdint_h=yes
ac_cv_header_stdlib_h=yes
ac_cv_header_string_h=yes
ac_cv_header_strings_h=yes
ac_cv_header_sys_stat_h=yes
ac_cv_header_sys_types_h=yes
ac_cv_header_unistd_h=yes
ac_cv_lib_peiskernel_main=yes
ac_cv_lib_pthread_main=yes
ac_cv_objext=o
ac_cv_path_EGREP='/bin/grep -E'
ac_cv_path_GMSGFMT=/usr/bin/msgfmt
ac_cv_path_GREP=/bin/grep
ac_cv_path_MSGFMT=/usr/bin/msgfmt
ac_cv_path_XGETTEXT=/usr/bin/xgettext
ac_cv_path_ac_pt_PKG_CONFIG=/usr/bin/pkg-config
ac_cv_path_install='/usr/bin/install -c'
ac_cv_path_mkdir=/bin/mkdir
ac_cv_prog_AWK=gawk
ac_cv_prog_CPP='gcc -E'
ac_cv_prog_ac_ct_CC=gcc
ac_cv_prog_cc_c89=
ac_cv_prog_cc_g=yes
ac_cv_prog_make_make_set=yes
ac_cv_search_strerror='none required'
am_cv_CC_dependencies_compiler_type=gcc3
am_cv_prog_cc_stdc=
am_cv_val_LC_MESSAGES=yes
gt_cv_func_dgettext_libc=yes
gt_cv_func_dgettext_libintl=no
gt_cv_func_ngettext_libc=yes
gt_cv_have_gettext=yes
pkg_cv_PACKAGE_CFLAGS='-pthread -I/usr/include/gtk-2.0 -I/usr/lib/x86_64-linux-gnu/gtk-2.0/include -I/usr/include/atk-1.0 -I/usr/include/cairo -I/usr/include/gdk-pixbuf-2.0 -I/usr/include/pango-1.0 -I/usr/include/gio-unix-2.0/ -I/usr/include/glib-2.0 -I/usr/lib/x86_64-linux-gnu/glib-2.0/include -I/usr/include/pixman-1 -I/usr/include/freetype2 -I/usr/include/libpng12 -I/usr/include/harfbuzz -I/usr/include/libglade-2.0 -I/usr/include/libxml2  '
pkg_cv_PACKAGE_LIBS='-Wl,--export-dynamic -pthread -lglade-2.0 -lgtk-x11-2.0 -lxml2 -lgdk-x11-2.0 -latk-1.0 -lgio-2.0 -lpangoft2-1.0 -lpangocairo-1.0 -lgdk_pixbuf-2.0 -lcairo -lpango-1.0 -lfreetype -lfontconfig -lgobject-2.0 -lgmodule-2.0 -lglib-2.0  '

## ----------------- ##
## Output variables. ##
## ----------------- ##

ACLOCAL='${SHELL} /home/mathias/svnroot.aass/tupleview/G6/missing --run aclocal-1.11'
AMDEPBACKSLASH='\'
AMDEP_FALSE='#'
AMDEP_TRUE=''
AMTAR='$${TAR-tar}'
AUTOCONF='${SHELL} /home/mathias/svnroot.aass/tupleview/G6/missing --run autoconf'
AUTOHEADER='${SHELL} /home/mathias/svnroot.aass/tupleview/G6/missing --run autoheader'
AUTOMAKE='${SHELL} /home/mathias/svnroot.aass/tupleview/G6/missing --run automake-1.11'
AWK='gawk'
CATALOGS=''
CATOBJEXT='.gmo'
CC='gcc'
CCDEPMODE='depmode=gcc3'
CFLAGS='-g -O2'
CPP='gcc -E'
CPPFLAGS=''
CYGPATH_W='echo'
DATADIRNAME='share'
DEFS='-DHAVE_CONFIG_H'
DEPDIR='.deps'
ECHO_C=''
ECHO_N='-n'
ECHO_T=''
EGREP='/bin/grep -E'
EXEEXT=''
GETTEXT_PACKAGE='tupleview'
GMOFILES=''
GMSGFMT='/usr/bin/msgfmt'
GREP='/bin/grep'
INSTALL_DATA='${INSTALL} -m 644'
INSTALL_PROGRAM='${INSTALL}'
INSTALL_SCRIPT='${INSTALL}'
INSTALL_STRIP_PROGRAM='$(install_sh) -c -s'
INSTOBJEXT='.mo'
INTLLIBS=''
JAVASPACE_FALSE=''
JAVASPACE_TRUE='#'
LDFLAGS=''
LIBOBJS=''
LIBS='-lpthread -lpeiskernel '
LTLIBOBJS=''
MAINT=''
MAINTAINER_MODE_FALSE='#'
MAINTAINER_MODE_TRUE=''
MAKEINFO='${SHELL} /home/mathias/svnroot.aass/tupleview/G6/missing --run makeinfo'
MKDIR_P='/bin/mkdir -p'
MKINSTALLDIRS='./mkinstalldirs'
MSGFMT='/usr/bin/msgfmt'
MSGFMT_OPTS='-c'
OBJEXT='o'
PACKAGE='tupleview'
PACKAGE_BUGREPORT=''
PACKAGE_CFLAGS='-pthread -I/usr/include/gtk-2.0 -I/usr/lib/x86_64-linux-gnu/gtk-2.0/include -I/usr/include/atk-1.0 -I/usr/include/cairo -I/usr/include/gdk-pixbuf-2.0 -I/usr/include/pango-1.0 -I/usr/include/gio-unix-2.0/ -I/usr/include/glib-2.0 -I/usr/lib/x86_64-linux-gnu/glib-2.0/include -I/usr/include/pixman-1 -I/usr/include/freetype2 -I/usr/include/libpng12 -I/usr/include/harfbuzz -I/usr/include/libglade-2.0 -I/usr/include/libxml2  '
PACKAGE_LIBS='-Wl,--export-dynamic -pthread -lglade-2.0 -lgtk-x11-2.0 -lxml2 -lgdk-x11-2.0 -latk-1.0 -lgio-2.0 -lpangoft2-1.0 -lpangocairo-1.0 -lgdk_pixbuf-2.0 -lcairo -lpango-1.0 -lfreetype -lfontconfig -lgobject-2.0 -lgmodule-2.0 -lglib-2.0  '
PACKAGE_NAME=''
PACKAGE_STRING=''
PACKAGE_TARNAME=''
PACKAGE_URL=''
PACKAGE_VERSION=''
PATH_SEPARATOR=':'
PKG_CONFIG='/usr/bin/pkg-config'
PKG_CONFIG_LIBDIR=''
PKG_CONFIG_PATH=''
POFILES=''
POSUB='po'
PO_IN_DATADIR_FALSE=''
PO_IN_DATADIR_TRUE=''
SET_MAKE=''
SHELL='/bin/bash'
STRIP=''
USE_NLS='yes'
VERSION='0.6.0.1'
XGETTEXT='/usr/bin/xgettext'
ac_ct_CC='gcc'
am__EXEEXT_FALSE=''
am__EXEEXT_TRUE='#'
am__fastdepCC_FALSE='#'
am__fastdepCC_TRUE=''
am__include='include'
am__isrc=''
am__leading_dot='.'
am__nodep='_no'
am__quote=''
am__tar='$${TAR-tar} chof - "$$tardir"'
am__untar='$${TAR-tar} xf -'
bindir='${exec_prefix}/bin'
build_alias=''
datadir='${datarootdir}'
datarootdir='${prefix}/share'
docdir='${datarootdir}/doc/${PACKAGE}'
dvidir='${docdir}'
exec_prefix='${prefix}'
host_alias=''
htmldir='${docdir}'
includedir='${prefix}/include'
infodir='${datarootdir}/info'
install_sh='${SHELL} /home/mathias/svnroot.aass/tupleview/G6/install-sh'
libdir='${exec_prefix}/lib'
libexecdir='${exec_prefix}/libexec'
localedir='${datarootdir}/locale'
localstatedir='${prefix}/var'
mandir='${datarootdir}/man'
mkdir_p='/bin/mkdir -p'
oldincludedir='/usr/include'
pdfdir='${docdir}'
prefix='/usr/local'
program_transform_name='s,x,x,'
psdir='${docdir}'
sbindir='${exec_prefix}/sbin'
sharedstatedir='${prefix}/com'
sysconfdir='${prefix}/etc'
target_alias=''

## ----------- ##
## confdefs.h. ##
## ----------- ##

/* confdefs.h */
#define PACKAGE_NAME ""
#define PACKAGE_TARNAME ""
#define PACKAGE_VERSION ""
#define PACKAGE_STRING ""
#define PACKAGE_BUGREPORT ""
#define PACKAGE_URL ""
#define PACKAGE "tupleview"
#define VERSION "0.6.0.1"
#define STDC_HEADERS 1
#define GETTEXT_PACKAGE "tupleview"
#define HAVE_SYS_TYPES_H 1
#define HAVE_SYS_STAT_H 1
#define HAVE_STDLIB_H 1
#define HAVE_STRING_H 1
#define HAVE_MEMORY_H 1
#define HAVE_STRINGS_H 1
#define HAVE_INTTYPES_H 1
#define HAVE_STDINT_H 1
#define HAVE_UNISTD_H 1
#define HAVE_LOCALE_H 1
#define HAVE_LC_MESSAGES 1
#define HAVE_BIND_TEXTDOMAIN_CODESET 1
#define HAVE_GETTEXT 1
#define HAVE_DCGETTEXT 1
#define ENABLE_NLS 1
#define HAVE_LIBPEISKERNEL 1
#define HAVE_LIBPTHREAD 1

configure: exit 0

## ---------------------- ##
## Running config.status. ##
## ---------------------- ##

This file was extended by config.status, which was
generated by GNU Autoconf 2.69.  Invocation command line was

  CONFIG_FILES    = 
  CONFIG_HEADERS  = 
  CONFIG_LINKS    = 
  CONFIG_COMMANDS = 
  $ ./config.status config.h

on ygdrasil

config.status:892: creating config.h
config.status:1073: config.h is unchanged
