This file contains any messages produced by compilers while
running configure, to aid debugging if configure makes a mistake.

It was created by configure, which was
generated by GNU Autoconf 2.69.  Invocation command line was

  $ ./configure --no-create --no-recursion

## --------- ##
## Platform. ##
## --------- ##

hostname = ygdrasil
uname -m = x86_64
uname -r = 3.8.0-35-generic
uname -s = Linux
uname -v = #50-Ubuntu SMP Tue Dec 3 01:24:59 UTC 2013

/usr/bin/uname -p = unknown
/bin/uname -X     = unknown

/bin/arch              = unknown
/usr/bin/arch -k       = unknown
/usr/convex/getsysinfo = unknown
/usr/bin/hostinfo      = unknown
/bin/machine           = unknown
/usr/bin/oslevel       = unknown
/bin/universe          = unknown

PATH: /home/mathias/.cask/bin
PATH: /usr/lib/x86_64-linux-gnu/qt4/bin
PATH: /usr/lib/lightdm/lightdm
PATH: /usr/local/sbin
PATH: /usr/local/bin
PATH: /usr/sbin
PATH: /usr/bin
PATH: /sbin
PATH: /bin
PATH: /usr/games
PATH: /usr/local/games


## ----------- ##
## Core tests. ##
## ----------- ##

configure:2364: checking build system type
configure:2378: result: x86_64-unknown-linux-gnu
configure:2398: checking host system type
configure:2411: result: x86_64-unknown-linux-gnu
configure:2431: checking target system type
configure:2444: result: x86_64-unknown-linux-gnu
configure:2486: checking for a BSD-compatible install
configure:2554: result: /usr/bin/install -c
configure:2565: checking whether build environment is sane
configure:2615: result: yes
configure:2756: checking for a thread-safe mkdir -p
configure:2795: result: /bin/mkdir -p
configure:2808: checking for gawk
configure:2824: found /usr/bin/gawk
configure:2835: result: gawk
configure:2846: checking whether make sets $(MAKE)
configure:2868: result: yes
configure:2949: checking for gawk
configure:2976: result: gawk
configure:3045: checking for g++
configure:3061: found /usr/bin/g++
configure:3072: result: g++
configure:3099: checking for C++ compiler version
configure:3108: g++ --version >&5
g++ (Ubuntu/Linaro 4.7.3-1ubuntu1) 4.7.3
Copyright (C) 2012 Free Software Foundation, Inc.
This is free software; see the source for copying conditions.  There is NO
warranty; not even for MERCHANTABILITY or FITNESS FOR A PARTICULAR PURPOSE.

configure:3119: $? = 0
configure:3108: g++ -v >&5
Using built-in specs.
COLLECT_GCC=g++
COLLECT_LTO_WRAPPER=/usr/lib/gcc/x86_64-linux-gnu/4.7/lto-wrapper
Target: x86_64-linux-gnu
Configured with: ../src/configure -v --with-pkgversion='Ubuntu/Linaro 4.7.3-1ubuntu1' --with-bugurl=file:///usr/share/doc/gcc-4.7/README.Bugs --enable-languages=c,c++,go,fortran,objc,obj-c++ --prefix=/usr --program-suffix=-4.7 --enable-shared --enable-linker-build-id --libexecdir=/usr/lib --without-included-gettext --enable-threads=posix --with-gxx-include-dir=/usr/include/c++/4.7 --libdir=/usr/lib --enable-nls --with-sysroot=/ --enable-clocale=gnu --enable-libstdcxx-debug --enable-libstdcxx-time=yes --enable-gnu-unique-object --enable-plugin --with-system-zlib --enable-objc-gc --with-cloog --enable-cloog-backend=ppl --disable-cloog-version-check --disable-ppl-version-check --enable-multiarch --disable-werror --with-arch-32=i686 --with-abi=m64 --with-multilib-list=m32,m64,mx32 --with-tune=generic --enable-checking=release --build=x86_64-linux-gnu --host=x86_64-linux-gnu --target=x86_64-linux-gnu
Thread model: posix
gcc version 4.7.3 (Ubuntu/Linaro 4.7.3-1ubuntu1) 
configure:3119: $? = 0
configure:3108: g++ -V >&5
g++: error: unrecognized command line option '-V'
g++: fatal error: no input files
compilation terminated.
configure:3119: $? = 4
configure:3108: g++ -qversion >&5
g++: error: unrecognized command line option '-qversion'
g++: fatal error: no input files
compilation terminated.
configure:3119: $? = 4
configure:3139: checking whether the C++ compiler works
configure:3161: g++    conftest.cpp  >&5
configure:3165: $? = 0
configure:3213: result: yes
configure:3216: checking for C++ compiler default output file name
configure:3218: result: a.out
configure:3224: checking for suffix of executables
configure:3231: g++ -o conftest    conftest.cpp  >&5
configure:3235: $? = 0
configure:3257: result: 
configure:3279: checking whether we are cross compiling
configure:3287: g++ -o conftest    conftest.cpp  >&5
configure:3291: $? = 0
configure:3298: ./conftest
configure:3302: $? = 0
configure:3317: result: no
configure:3322: checking for suffix of object files
configure:3344: g++ -c   conftest.cpp >&5
configure:3348: $? = 0
configure:3369: result: o
configure:3373: checking whether we are using the GNU C++ compiler
configure:3392: g++ -c   conftest.cpp >&5
configure:3392: $? = 0
configure:3401: result: yes
configure:3410: checking whether g++ accepts -g
configure:3430: g++ -c -g  conftest.cpp >&5
configure:3430: $? = 0
configure:3471: result: yes
configure:3505: checking for style of include used by make
configure:3533: result: GNU
configure:3559: checking dependency style of g++
configure:3670: result: gcc3
configure:3733: checking for gcc
configure:3749: found /usr/bin/gcc
configure:3760: result: gcc
configure:3989: checking for C compiler version
configure:3998: gcc --version >&5
gcc (Ubuntu/Linaro 4.7.3-1ubuntu1) 4.7.3
Copyright (C) 2012 Free Software Foundation, Inc.
This is free software; see the source for copying conditions.  There is NO
warranty; not even for MERCHANTABILITY or FITNESS FOR A PARTICULAR PURPOSE.

configure:4009: $? = 0
configure:3998: gcc -v >&5
Using built-in specs.
COLLECT_GCC=gcc
COLLECT_LTO_WRAPPER=/usr/lib/gcc/x86_64-linux-gnu/4.7/lto-wrapper
Target: x86_64-linux-gnu
Configured with: ../src/configure -v --with-pkgversion='Ubuntu/Linaro 4.7.3-1ubuntu1' --with-bugurl=file:///usr/share/doc/gcc-4.7/README.Bugs --enable-languages=c,c++,go,fortran,objc,obj-c++ --prefix=/usr --program-suffix=-4.7 --enable-shared --enable-linker-build-id --libexecdir=/usr/lib --without-included-gettext --enable-threads=posix --with-gxx-include-dir=/usr/include/c++/4.7 --libdir=/usr/lib --enable-nls --with-sysroot=/ --enable-clocale=gnu --enable-libstdcxx-debug --enable-libstdcxx-time=yes --enable-gnu-unique-object --enable-plugin --with-system-zlib --enable-objc-gc --with-cloog --enable-cloog-backend=ppl --disable-cloog-version-check --disable-ppl-version-check --enable-multiarch --disable-werror --with-arch-32=i686 --with-abi=m64 --with-multilib-list=m32,m64,mx32 --with-tune=generic --enable-checking=release --build=x86_64-linux-gnu --host=x86_64-linux-gnu --target=x86_64-linux-gnu
Thread model: posix
gcc version 4.7.3 (Ubuntu/Linaro 4.7.3-1ubuntu1) 
configure:4009: $? = 0
configure:3998: gcc -V >&5
gcc: error: unrecognized command line option '-V'
gcc: fatal error: no input files
compilation terminated.
configure:4009: $? = 4
configure:3998: gcc -qversion >&5
gcc: error: unrecognized command line option '-qversion'
gcc: fatal error: no input files
compilation terminated.
configure:4009: $? = 4
configure:4013: checking whether we are using the GNU C compiler
configure:4032: gcc -c   conftest.c >&5
configure:4032: $? = 0
configure:4041: result: yes
configure:4050: checking whether gcc accepts -g
configure:4070: gcc -c -g  conftest.c >&5
configure:4070: $? = 0
configure:4111: result: yes
configure:4128: checking for gcc option to accept ISO C89
configure:4191: gcc  -c -g -O2  conftest.c >&5
configure:4191: $? = 0
configure:4204: result: none needed
configure:4226: checking dependency style of gcc
configure:4337: result: gcc3
configure:4353: checking whether ln -s works
configure:4357: result: yes
configure:4410: checking how to print strings
configure:4437: result: printf
configure:4458: checking for a sed that does not truncate output
configure:4522: result: /bin/sed
configure:4540: checking for grep that handles long lines and -e
configure:4598: result: /bin/grep
configure:4603: checking for egrep
configure:4665: result: /bin/grep -E
configure:4670: checking for fgrep
configure:4732: result: /bin/grep -F
configure:4767: checking for ld used by gcc
configure:4834: result: /usr/bin/ld
configure:4841: checking if the linker (/usr/bin/ld) is GNU ld
configure:4856: result: yes
configure:4868: checking for BSD- or MS-compatible name lister (nm)
configure:4917: result: /usr/bin/nm -B
configure:5047: checking the name lister (/usr/bin/nm -B) interface
configure:5054: gcc -c -g -O2  conftest.c >&5
configure:5057: /usr/bin/nm -B "conftest.o"
configure:5060: output
0000000000000000 B some_variable
configure:5067: result: BSD nm
configure:5071: checking the maximum length of command line arguments
configure:5202: result: 3458764513820540925
configure:5219: checking whether the shell understands some XSI constructs
configure:5229: result: yes
configure:5233: checking whether the shell understands "+="
configure:5239: result: yes
configure:5274: checking how to convert x86_64-unknown-linux-gnu file names to x86_64-unknown-linux-gnu format
configure:5314: result: func_convert_file_noop
configure:5321: checking how to convert x86_64-unknown-linux-gnu file names to toolchain format
configure:5341: result: func_convert_file_noop
configure:5348: checking for /usr/bin/ld option to reload object files
configure:5355: result: -r
configure:5429: checking for objdump
configure:5445: found /usr/bin/objdump
configure:5456: result: objdump
configure:5488: checking how to recognize dependent libraries
configure:5686: result: pass_all
configure:5771: checking for dlltool
configure:5801: result: no
configure:5831: checking how to associate runtime and link libraries
configure:5858: result: printf %s\n
configure:5919: checking for ar
configure:5935: found /usr/bin/ar
configure:5946: result: ar
configure:5983: checking for archiver @FILE support
configure:6000: gcc -c -g -O2  conftest.c >&5
configure:6000: $? = 0
configure:6003: ar cru libconftest.a @conftest.lst >&5
configure:6006: $? = 0
configure:6011: ar cru libconftest.a @conftest.lst >&5
ar: conftest.o: No such file or directory
configure:6014: $? = 1
configure:6026: result: @
configure:6084: checking for strip
configure:6100: found /usr/bin/strip
configure:6111: result: strip
configure:6183: checking for ranlib
configure:6199: found /usr/bin/ranlib
configure:6210: result: ranlib
configure:6312: checking command to parse /usr/bin/nm -B output from gcc object
configure:6432: gcc -c -g -O2  conftest.c >&5
configure:6435: $? = 0
configure:6439: /usr/bin/nm -B conftest.o \| sed -n -e 's/^.*[ ]\([ABCDGIRSTW][ABCDGIRSTW]*\)[ ][ ]*\([_A-Za-z][_A-Za-z0-9]*\)$/\1 \2 \2/p' | sed '/ __gnu_lto/d' \> conftest.nm
configure:6442: $? = 0
configure:6508: gcc -o conftest -g -O2   conftest.c conftstm.o >&5
configure:6511: $? = 0
configure:6549: result: ok
configure:6586: checking for sysroot
configure:6616: result: no
configure:6693: gcc -c -g -O2  conftest.c >&5
configure:6696: $? = 0
configure:6879: checking for mt
configure:6895: found /bin/mt
configure:6906: result: mt
configure:6929: checking if mt is a manifest tool
configure:6935: mt '-?'
configure:6943: result: no
configure:7585: checking how to run the C preprocessor
configure:7616: gcc -E  conftest.c
configure:7616: $? = 0
configure:7630: gcc -E  conftest.c
conftest.c:9:28: fatal error: ac_nonexistent.h: No such file or directory
compilation terminated.
configure:7630: $? = 1
configure: failed program was:
| /* confdefs.h */
| #define PACKAGE_NAME ""
| #define PACKAGE_TARNAME ""
| #define PACKAGE_VERSION ""
| #define PACKAGE_STRING ""
| #define PACKAGE_BUGREPORT ""
| #define PACKAGE_URL ""
| /* end confdefs.h.  */
| #include <ac_nonexistent.h>
configure:7655: result: gcc -E
configure:7675: gcc -E  conftest.c
configure:7675: $? = 0
configure:7689: gcc -E  conftest.c
conftest.c:9:28: fatal error: ac_nonexistent.h: No such file or directory
compilation terminated.
configure:7689: $? = 1
configure: failed program was:
| /* confdefs.h */
| #define PACKAGE_NAME ""
| #define PACKAGE_TARNAME ""
| #define PACKAGE_VERSION ""
| #define PACKAGE_STRING ""
| #define PACKAGE_BUGREPORT ""
| #define PACKAGE_URL ""
| /* end confdefs.h.  */
| #include <ac_nonexistent.h>
configure:7718: checking for ANSI C header files
configure:7738: gcc -c -g -O2  conftest.c >&5
configure:7738: $? = 0
configure:7811: gcc -o conftest -g -O2   conftest.c  >&5
configure:7811: $? = 0
configure:7811: ./conftest
configure:7811: $? = 0
configure:7822: result: yes
configure:7835: checking for sys/types.h
configure:7835: gcc -c -g -O2  conftest.c >&5
configure:7835: $? = 0
configure:7835: result: yes
configure:7835: checking for sys/stat.h
configure:7835: gcc -c -g -O2  conftest.c >&5
configure:7835: $? = 0
configure:7835: result: yes
configure:7835: checking for stdlib.h
configure:7835: gcc -c -g -O2  conftest.c >&5
configure:7835: $? = 0
configure:7835: result: yes
configure:7835: checking for string.h
configure:7835: gcc -c -g -O2  conftest.c >&5
configure:7835: $? = 0
configure:7835: result: yes
configure:7835: checking for memory.h
configure:7835: gcc -c -g -O2  conftest.c >&5
configure:7835: $? = 0
configure:7835: result: yes
configure:7835: checking for strings.h
configure:7835: gcc -c -g -O2  conftest.c >&5
configure:7835: $? = 0
configure:7835: result: yes
configure:7835: checking for inttypes.h
configure:7835: gcc -c -g -O2  conftest.c >&5
configure:7835: $? = 0
configure:7835: result: yes
configure:7835: checking for stdint.h
configure:7835: gcc -c -g -O2  conftest.c >&5
configure:7835: $? = 0
configure:7835: result: yes
configure:7835: checking for unistd.h
configure:7835: gcc -c -g -O2  conftest.c >&5
configure:7835: $? = 0
configure:7835: result: yes
configure:7849: checking for dlfcn.h
configure:7849: gcc -c -g -O2  conftest.c >&5
configure:7849: $? = 0
configure:7849: result: yes
configure:8066: checking for objdir
configure:8081: result: .libs
configure:8348: checking if gcc supports -fno-rtti -fno-exceptions
configure:8366: gcc -c -g -O2  -fno-rtti -fno-exceptions conftest.c >&5
cc1: warning: command line option '-fno-rtti' is valid for C++/ObjC++ but not for C [enabled by default]
configure:8370: $? = 0
configure:8383: result: no
configure:8710: checking for gcc option to produce PIC
configure:8717: result: -fPIC -DPIC
configure:8725: checking if gcc PIC flag -fPIC -DPIC works
configure:8743: gcc -c -g -O2  -fPIC -DPIC -DPIC conftest.c >&5
configure:8747: $? = 0
configure:8760: result: yes
configure:8789: checking if gcc static flag -static works
configure:8817: result: yes
configure:8832: checking if gcc supports -c -o file.o
configure:8853: gcc -c -g -O2  -o out/conftest2.o conftest.c >&5
configure:8857: $? = 0
configure:8879: result: yes
configure:8887: checking if gcc supports -c -o file.o
configure:8934: result: yes
configure:8967: checking whether the gcc linker (/usr/bin/ld -m elf_x86_64) supports shared libraries
configure:10124: result: yes
configure:10161: checking whether -lc should be explicitly linked in
configure:10169: gcc -c -g -O2  conftest.c >&5
configure:10172: $? = 0
configure:10187: gcc -shared  -fPIC -DPIC conftest.o  -v -Wl,-soname -Wl,conftest -o conftest 2\>\&1 \| /bin/grep  -lc  \>/dev/null 2\>\&1
configure:10190: $? = 0
configure:10204: result: no
configure:10364: checking dynamic linker characteristics
configure:10864: gcc -o conftest -g -O2   -Wl,-rpath -Wl,/foo conftest.c  >&5
configure:10864: $? = 0
configure:11098: result: GNU/Linux ld.so
configure:11205: checking how to hardcode library paths into programs
configure:11230: result: immediate
configure:11770: checking whether stripping libraries is possible
configure:11775: result: yes
configure:11810: checking if libtool supports shared libraries
configure:11812: result: yes
configure:11815: checking whether to build shared libraries
configure:11836: result: yes
configure:11839: checking whether to build static libraries
configure:11843: result: yes
configure:11866: checking how to run the C++ preprocessor
configure:11893: g++ -E  conftest.cpp
configure:11893: $? = 0
configure:11907: g++ -E  conftest.cpp
conftest.cpp:21:28: fatal error: ac_nonexistent.h: No such file or directory
compilation terminated.
configure:11907: $? = 1
configure: failed program was:
| /* confdefs.h */
| #define PACKAGE_NAME ""
| #define PACKAGE_TARNAME ""
| #define PACKAGE_VERSION ""
| #define PACKAGE_STRING ""
| #define PACKAGE_BUGREPORT ""
| #define PACKAGE_URL ""
| #define STDC_HEADERS 1
| #define HAVE_SYS_TYPES_H 1
| #define HAVE_SYS_STAT_H 1
| #define HAVE_STDLIB_H 1
| #define HAVE_STRING_H 1
| #define HAVE_MEMORY_H 1
| #define HAVE_STRINGS_H 1
| #define HAVE_INTTYPES_H 1
| #define HAVE_STDINT_H 1
| #define HAVE_UNISTD_H 1
| #define HAVE_DLFCN_H 1
| #define LT_OBJDIR ".libs/"
| /* end confdefs.h.  */
| #include <ac_nonexistent.h>
configure:11932: result: g++ -E
configure:11952: g++ -E  conftest.cpp
configure:11952: $? = 0
configure:11966: g++ -E  conftest.cpp
conftest.cpp:21:28: fatal error: ac_nonexistent.h: No such file or directory
compilation terminated.
configure:11966: $? = 1
configure: failed program was:
| /* confdefs.h */
| #define PACKAGE_NAME ""
| #define PACKAGE_TARNAME ""
| #define PACKAGE_VERSION ""
| #define PACKAGE_STRING ""
| #define PACKAGE_BUGREPORT ""
| #define PACKAGE_URL ""
| #define STDC_HEADERS 1
| #define HAVE_SYS_TYPES_H 1
| #define HAVE_SYS_STAT_H 1
| #define HAVE_STDLIB_H 1
| #define HAVE_STRING_H 1
| #define HAVE_MEMORY_H 1
| #define HAVE_STRINGS_H 1
| #define HAVE_INTTYPES_H 1
| #define HAVE_STDINT_H 1
| #define HAVE_UNISTD_H 1
| #define HAVE_DLFCN_H 1
| #define LT_OBJDIR ".libs/"
| /* end confdefs.h.  */
| #include <ac_nonexistent.h>
configure:12135: checking for ld used by g++
configure:12202: result: /usr/bin/ld -m elf_x86_64
configure:12209: checking if the linker (/usr/bin/ld -m elf_x86_64) is GNU ld
configure:12224: result: yes
configure:12279: checking whether the g++ linker (/usr/bin/ld -m elf_x86_64) supports shared libraries
configure:13281: result: yes
configure:13317: g++ -c -g -O2  conftest.cpp >&5
configure:13320: $? = 0
configure:13840: checking for g++ option to produce PIC
configure:13847: result: -fPIC -DPIC
configure:13855: checking if g++ PIC flag -fPIC -DPIC works
configure:13873: g++ -c -g -O2  -fPIC -DPIC -DPIC conftest.cpp >&5
configure:13877: $? = 0
configure:13890: result: yes
configure:13913: checking if g++ static flag -static works
configure:13941: result: yes
configure:13953: checking if g++ supports -c -o file.o
configure:13974: g++ -c -g -O2  -o out/conftest2.o conftest.cpp >&5
configure:13978: $? = 0
configure:14000: result: yes
configure:14005: checking if g++ supports -c -o file.o
configure:14052: result: yes
configure:14082: checking whether the g++ linker (/usr/bin/ld -m elf_x86_64) supports shared libraries
configure:14121: result: yes
configure:14262: checking dynamic linker characteristics
configure:14930: result: GNU/Linux ld.so
configure:14983: checking how to hardcode library paths into programs
configure:15008: result: immediate
configure:15078: checking for main in -le
configure:15097: gcc -o conftest -g -O2 -I/usr/local/include -I/usr/local/include/peiskernel   -L/usr/local/lib conftest.c -le   >&5
/usr/bin/ld: cannot find -le
collect2: error: ld returned 1 exit status
configure:15097: $? = 1
configure: failed program was:
| /* confdefs.h */
| #define PACKAGE_NAME ""
| #define PACKAGE_TARNAME ""
| #define PACKAGE_VERSION ""
| #define PACKAGE_STRING ""
| #define PACKAGE_BUGREPORT ""
| #define PACKAGE_URL ""
| #define STDC_HEADERS 1
| #define HAVE_SYS_TYPES_H 1
| #define HAVE_SYS_STAT_H 1
| #define HAVE_STDLIB_H 1
| #define HAVE_STRING_H 1
| #define HAVE_MEMORY_H 1
| #define HAVE_STRINGS_H 1
| #define HAVE_INTTYPES_H 1
| #define HAVE_STDINT_H 1
| #define HAVE_UNISTD_H 1
| #define HAVE_DLFCN_H 1
| #define LT_OBJDIR ".libs/"
| /* end confdefs.h.  */
| 
| 
| int
| main ()
| {
| return main ();
|   ;
|   return 0;
| }
configure:15106: result: no
configure:15117: checking for main in -links
configure:15136: gcc -o conftest -g -O2 -I/usr/local/include -I/usr/local/include/peiskernel   -L/usr/local/lib conftest.c -links   >&5
/usr/bin/ld: cannot find -links
collect2: error: ld returned 1 exit status
configure:15136: $? = 1
configure: failed program was:
| /* confdefs.h */
| #define PACKAGE_NAME ""
| #define PACKAGE_TARNAME ""
| #define PACKAGE_VERSION ""
| #define PACKAGE_STRING ""
| #define PACKAGE_BUGREPORT ""
| #define PACKAGE_URL ""
| #define STDC_HEADERS 1
| #define HAVE_SYS_TYPES_H 1
| #define HAVE_SYS_STAT_H 1
| #define HAVE_STDLIB_H 1
| #define HAVE_STRING_H 1
| #define HAVE_MEMORY_H 1
| #define HAVE_STRINGS_H 1
| #define HAVE_INTTYPES_H 1
| #define HAVE_STDINT_H 1
| #define HAVE_UNISTD_H 1
| #define HAVE_DLFCN_H 1
| #define LT_OBJDIR ".libs/"
| /* end confdefs.h.  */
| 
| 
| int
| main ()
| {
| return main ();
|   ;
|   return 0;
| }
configure:15145: result: no
configure:15156: checking for main in -lz
configure:15175: gcc -o conftest -g -O2 -I/usr/local/include -I/usr/local/include/peiskernel   -L/usr/local/lib conftest.c -lz   >&5
configure:15175: $? = 0
configure:15184: result: yes
configure:15197: checking for main in -lm
configure:15216: gcc -o conftest -g -O2 -I/usr/local/include -I/usr/local/include/peiskernel   -L/usr/local/lib conftest.c -lm  -lz  >&5
configure:15216: $? = 0
configure:15225: result: yes
configure:15241: checking for ANSI C header files
configure:15345: result: yes
configure:15356: checking for stdlib.h
configure:15356: result: yes
configure:15356: checking sys/time.h usability
configure:15356: gcc -c -g -O2 -I/usr/local/include -I/usr/local/include/peiskernel  conftest.c >&5
configure:15356: $? = 0
configure:15356: result: yes
configure:15356: checking sys/time.h presence
configure:15356: gcc -E  conftest.c
configure:15356: $? = 0
configure:15356: result: yes
configure:15356: checking for sys/time.h
configure:15356: result: yes
configure:15368: checking for an ANSI C-conforming const
configure:15434: gcc -c -g -O2 -I/usr/local/include -I/usr/local/include/peiskernel  conftest.c >&5
configure:15434: $? = 0
configure:15441: result: yes
configure:15449: checking for inline
configure:15465: gcc -c -g -O2 -I/usr/local/include -I/usr/local/include/peiskernel  conftest.c >&5
configure:15465: $? = 0
configure:15473: result: inline
configure:15491: checking whether time.h and sys/time.h may both be included
configure:15511: gcc -c -g -O2 -I/usr/local/include -I/usr/local/include/peiskernel  conftest.c >&5
configure:15511: $? = 0
configure:15518: result: yes
configure:15531: checking for atexit
configure:15531: gcc -o conftest -g -O2 -I/usr/local/include -I/usr/local/include/peiskernel   -L/usr/local/lib conftest.c -lm -lz  >&5
configure:15531: $? = 0
configure:15531: result: yes
configure:15531: checking for sqrt
configure:15531: gcc -o conftest -g -O2 -I/usr/local/include -I/usr/local/include/peiskernel   -L/usr/local/lib conftest.c -lm -lz  >&5
conftest.c:51:6: warning: conflicting types for built-in function 'sqrt' [enabled by default]
configure:15531: $? = 0
configure:15531: result: yes
configure:15531: checking for strdup
configure:15531: gcc -o conftest -g -O2 -I/usr/local/include -I/usr/local/include/peiskernel   -L/usr/local/lib conftest.c -lm -lz  >&5
conftest.c:52:6: warning: conflicting types for built-in function 'strdup' [enabled by default]
configure:15531: $? = 0
configure:15531: result: yes
configure:15543: checking whether gcc and cc understand -c and -o together
configure:15574: gcc -c conftest.c -o conftest2.o >&5
configure:15578: $? = 0
configure:15584: gcc -c conftest.c -o conftest2.o >&5
configure:15588: $? = 0
configure:15599: cc -c conftest.c >&5
configure:15603: $? = 0
configure:15611: cc -c conftest.c -o conftest2.o >&5
configure:15615: $? = 0
configure:15621: cc -c conftest.c -o conftest2.o >&5
configure:15625: $? = 0
configure:15643: result: yes
configure:15970: creating ./config.status

## ---------------- ##
## Cache variables. ##
## ---------------- ##

ac_cv_build=x86_64-unknown-linux-gnu
ac_cv_c_compiler_gnu=yes
ac_cv_c_const=yes
ac_cv_c_inline=inline
ac_cv_cxx_compiler_gnu=yes
ac_cv_env_CCC_set=
ac_cv_env_CCC_value=
ac_cv_env_CC_set=
ac_cv_env_CC_value=
ac_cv_env_CFLAGS_set=
ac_cv_env_CFLAGS_value=
ac_cv_env_CPPFLAGS_set=
ac_cv_env_CPPFLAGS_value=
ac_cv_env_CPP_set=
ac_cv_env_CPP_value=
ac_cv_env_CXXCPP_set=
ac_cv_env_CXXCPP_value=
ac_cv_env_CXXFLAGS_set=
ac_cv_env_CXXFLAGS_value=
ac_cv_env_CXX_set=
ac_cv_env_CXX_value=
ac_cv_env_LDFLAGS_set=
ac_cv_env_LDFLAGS_value=
ac_cv_env_LIBS_set=
ac_cv_env_LIBS_value=
ac_cv_env_build_alias_set=
ac_cv_env_build_alias_value=
ac_cv_env_host_alias_set=
ac_cv_env_host_alias_value=
ac_cv_env_target_alias_set=
ac_cv_env_target_alias_value=
ac_cv_func_atexit=yes
ac_cv_func_sqrt=yes
ac_cv_func_strdup=yes
ac_cv_header_dlfcn_h=yes
ac_cv_header_inttypes_h=yes
ac_cv_header_memory_h=yes
ac_cv_header_stdc=yes
ac_cv_header_stdint_h=yes
ac_cv_header_stdlib_h=yes
ac_cv_header_string_h=yes
ac_cv_header_strings_h=yes
ac_cv_header_sys_stat_h=yes
ac_cv_header_sys_time_h=yes
ac_cv_header_sys_types_h=yes
ac_cv_header_time=yes
ac_cv_header_unistd_h=yes
ac_cv_host=x86_64-unknown-linux-gnu
ac_cv_lib_e_main=no
ac_cv_lib_inks_main=no
ac_cv_lib_m_main=yes
ac_cv_lib_z_main=yes
ac_cv_objext=o
ac_cv_path_EGREP='/bin/grep -E'
ac_cv_path_FGREP='/bin/grep -F'
ac_cv_path_GREP=/bin/grep
ac_cv_path_SED=/bin/sed
ac_cv_path_install='/usr/bin/install -c'
ac_cv_path_mkdir=/bin/mkdir
ac_cv_prog_AWK=gawk
ac_cv_prog_CPP='gcc -E'
ac_cv_prog_CXXCPP='g++ -E'
ac_cv_prog_ac_ct_AR=ar
ac_cv_prog_ac_ct_CC=gcc
ac_cv_prog_ac_ct_CXX=g++
ac_cv_prog_ac_ct_MANIFEST_TOOL=mt
ac_cv_prog_ac_ct_OBJDUMP=objdump
ac_cv_prog_ac_ct_RANLIB=ranlib
ac_cv_prog_ac_ct_STRIP=strip
ac_cv_prog_cc_c89=
ac_cv_prog_cc_g=yes
ac_cv_prog_cc_gcc_c_o=yes
ac_cv_prog_cxx_g=yes
ac_cv_prog_make_make_set=yes
ac_cv_target=x86_64-unknown-linux-gnu
am_cv_CC_dependencies_compiler_type=gcc3
am_cv_CXX_dependencies_compiler_type=gcc3
lt_cv_ar_at_file=@
lt_cv_archive_cmds_need_lc=no
lt_cv_deplibs_check_method=pass_all
lt_cv_file_magic_cmd='$MAGIC_CMD'
lt_cv_file_magic_test_file=
lt_cv_ld_reload_flag=-r
lt_cv_nm_interface='BSD nm'
lt_cv_objdir=.libs
lt_cv_path_LD=/usr/bin/ld
lt_cv_path_LDCXX='/usr/bin/ld -m elf_x86_64'
lt_cv_path_NM='/usr/bin/nm -B'
lt_cv_path_mainfest_tool=no
lt_cv_prog_compiler_c_o=yes
lt_cv_prog_compiler_c_o_CXX=yes
lt_cv_prog_compiler_pic='-fPIC -DPIC'
lt_cv_prog_compiler_pic_CXX='-fPIC -DPIC'
lt_cv_prog_compiler_pic_works=yes
lt_cv_prog_compiler_pic_works_CXX=yes
lt_cv_prog_compiler_rtti_exceptions=no
lt_cv_prog_compiler_static_works=yes
lt_cv_prog_compiler_static_works_CXX=yes
lt_cv_prog_gnu_ld=yes
lt_cv_prog_gnu_ldcxx=yes
lt_cv_sharedlib_from_linklib_cmd='printf %s\n'
lt_cv_shlibpath_overrides_runpath=no
lt_cv_sys_global_symbol_pipe='sed -n -e '\''s/^.*[	 ]\([ABCDGIRSTW][ABCDGIRSTW]*\)[	 ][	 ]*\([_A-Za-z][_A-Za-z0-9]*\)$/\1 \2 \2/p'\'' | sed '\''/ __gnu_lto/d'\'''
lt_cv_sys_global_symbol_to_c_name_address='sed -n -e '\''s/^: \([^ ]*\)[ ]*$/  {\"\1\", (void *) 0},/p'\'' -e '\''s/^[ABCDGIRSTW]* \([^ ]*\) \([^ ]*\)$/  {"\2", (void *) \&\2},/p'\'''
lt_cv_sys_global_symbol_to_c_name_address_lib_prefix='sed -n -e '\''s/^: \([^ ]*\)[ ]*$/  {\"\1\", (void *) 0},/p'\'' -e '\''s/^[ABCDGIRSTW]* \([^ ]*\) \(lib[^ ]*\)$/  {"\2", (void *) \&\2},/p'\'' -e '\''s/^[ABCDGIRSTW]* \([^ ]*\) \([^ ]*\)$/  {"lib\2", (void *) \&\2},/p'\'''
lt_cv_sys_global_symbol_to_cdecl='sed -n -e '\''s/^T .* \(.*\)$/extern int \1();/p'\'' -e '\''s/^[ABCDGIRSTW]* .* \(.*\)$/extern char \1;/p'\'''
lt_cv_sys_max_cmd_len=3458764513820540925
lt_cv_to_host_file_cmd=func_convert_file_noop
lt_cv_to_tool_file_cmd=func_convert_file_noop

## ----------------- ##
## Output variables. ##
## ----------------- ##

ACLOCAL='${SHELL} /home/mathias/development/peisecology/peiskernel/G6/missing --run aclocal-1.11'
AMDEPBACKSLASH='\'
AMDEP_FALSE='#'
AMDEP_TRUE=''
AMTAR='$${TAR-tar}'
AR='ar'
AUTOCONF='${SHELL} /home/mathias/development/peisecology/peiskernel/G6/missing --run autoconf'
AUTOHEADER='${SHELL} /home/mathias/development/peisecology/peiskernel/G6/missing --run autoheader'
AUTOMAKE='${SHELL} /home/mathias/development/peisecology/peiskernel/G6/missing --run automake-1.11'
AWK='gawk'
CC='gcc'
CCDEPMODE='depmode=gcc3'
CFLAGS='-g -O2 -I/usr/local/include -I/usr/local/include/peiskernel'
CPP='gcc -E'
CPPFLAGS=''
CXX='g++'
CXXCPP='g++ -E'
CXXDEPMODE='depmode=gcc3'
CXXFLAGS='-g -O2'
CYGPATH_W='echo'
DEFS='-DHAVE_CONFIG_H'
DEPDIR='.deps'
DLLTOOL='false'
DSYMUTIL=''
DUMPBIN=''
ECHO_C=''
ECHO_N='-n'
ECHO_T=''
EGREP='/bin/grep -E'
EXEEXT=''
FGREP='/bin/grep -F'
GREP='/bin/grep'
INSTALL_DATA='${INSTALL} -m 644'
INSTALL_PROGRAM='${INSTALL}'
INSTALL_SCRIPT='${INSTALL}'
INSTALL_STRIP_PROGRAM='$(install_sh) -c -s'
LD='/usr/bin/ld -m elf_x86_64'
LDFLAGS=' -L/usr/local/lib'
LIBOBJS=''
LIBS='-lm -lz '
LIBTOOL='$(SHELL) $(top_builddir)/libtool'
LIPO=''
LN_S='ln -s'
LTLIBOBJS=''
MAKEINFO='${SHELL} /home/mathias/development/peisecology/peiskernel/G6/missing --run makeinfo'
MANIFEST_TOOL=':'
MKDIR_P='/bin/mkdir -p'
NM='/usr/bin/nm -B'
NMEDIT=''
OBJDUMP='objdump'
OBJEXT='o'
OTOOL64=''
OTOOL=''
PACKAGE='peis'
PACKAGE_BUGREPORT=''
PACKAGE_NAME=''
PACKAGE_STRING=''
PACKAGE_TARNAME=''
PACKAGE_URL=''
PACKAGE_VERSION=''
PATH_SEPARATOR=':'
RANLIB='ranlib'
SED='/bin/sed'
SET_MAKE=''
SHELL='/bin/bash'
STRIP='strip'
VERSION='0.6.0.6'
ac_ct_AR='ar'
ac_ct_CC='gcc'
ac_ct_CXX='g++'
ac_ct_DUMPBIN=''
am__EXEEXT_FALSE=''
am__EXEEXT_TRUE='#'
am__fastdepCC_FALSE='#'
am__fastdepCC_TRUE=''
am__fastdepCXX_FALSE='#'
am__fastdepCXX_TRUE=''
am__include='include'
am__isrc=''
am__leading_dot='.'
am__nodep='_no'
am__quote=''
am__tar='$${TAR-tar} chof - "$$tardir"'
am__untar='$${TAR-tar} xf -'
bindir='${exec_prefix}/bin'
build='x86_64-unknown-linux-gnu'
build_alias=''
build_cpu='x86_64'
build_os='linux-gnu'
build_vendor='unknown'
datadir='${datarootdir}'
datarootdir='${prefix}/share'
docdir='${datarootdir}/doc/${PACKAGE}'
dvidir='${docdir}'
exec_prefix='${prefix}'
host='x86_64-unknown-linux-gnu'
host_alias=''
host_cpu='x86_64'
host_os='linux-gnu'
host_vendor='unknown'
htmldir='${docdir}'
includedir='${prefix}/include'
infodir='${datarootdir}/info'
install_sh='${SHELL} /home/mathias/development/peisecology/peiskernel/G6/install-sh'
libdir='${exec_prefix}/lib'
libexecdir='${exec_prefix}/libexec'
localedir='${datarootdir}/locale'
localstatedir='${prefix}/var'
mandir='${datarootdir}/man'
mkdir_p='/bin/mkdir -p'
oldincludedir='/usr/include'
pdfdir='${docdir}'
prefix='/usr/local'
program_transform_name='s,x,x,'
psdir='${docdir}'
sbindir='${exec_prefix}/sbin'
sharedstatedir='${prefix}/com'
sysconfdir='${prefix}/etc'
target='x86_64-unknown-linux-gnu'
target_alias=''
target_cpu='x86_64'
target_os='linux-gnu'
target_vendor='unknown'

## ----------- ##
## confdefs.h. ##
## ----------- ##

/* confdefs.h */
#define PACKAGE_NAME ""
#define PACKAGE_TARNAME ""
#define PACKAGE_VERSION ""
#define PACKAGE_STRING ""
#define PACKAGE_BUGREPORT ""
#define PACKAGE_URL ""
#define STDC_HEADERS 1
#define HAVE_SYS_TYPES_H 1
#define HAVE_SYS_STAT_H 1
#define HAVE_STDLIB_H 1
#define HAVE_STRING_H 1
#define HAVE_MEMORY_H 1
#define HAVE_STRINGS_H 1
#define HAVE_INTTYPES_H 1
#define HAVE_STDINT_H 1
#define HAVE_UNISTD_H 1
#define HAVE_DLFCN_H 1
#define LT_OBJDIR ".libs/"
#define HAVE_LIBZ 1
#define HAVE_LIBM 1
#define STDC_HEADERS 1
#define HAVE_STDLIB_H 1
#define HAVE_SYS_TIME_H 1
#define TIME_WITH_SYS_TIME 1
#define HAVE_ATEXIT 1
#define HAVE_SQRT 1
#define HAVE_STRDUP 1

configure: exit 0

## ---------------------- ##
## Running config.status. ##
## ---------------------- ##

This file was extended by config.status, which was
generated by GNU Autoconf 2.69.  Invocation command line was

  CONFIG_FILES    = 
  CONFIG_HEADERS  = 
  CONFIG_LINKS    = 
  CONFIG_COMMANDS = 
  $ ./config.status 

on ygdrasil

config.status:1155: creating Makefile
config.status:1155: creating docs/Makefile
config.status:1155: creating peiskernel/Makefile
config.status:1155: creating peismaster/Makefile
config.status:1155: creating samples/Makefile
config.status:1155: creating tuplescript/Makefile
config.status:1155: creating config.h
config.status:1336: config.h is unchanged
config.status:1384: executing depfiles commands
config.status:1384: executing libtool commands
